[debug] [2021-09-29T10:16:28.943Z] ----------------------------------------------------------------------
[debug] [2021-09-29T10:16:28.944Z] Command:       /usr/local/bin/node /usr/local/bin/firebase emulators:start
[debug] [2021-09-29T10:16:28.945Z] CLI Version:   9.18.0
[debug] [2021-09-29T10:16:28.945Z] Platform:      darwin
[debug] [2021-09-29T10:16:28.945Z] Node Version:  v14.17.1
[debug] [2021-09-29T10:16:28.946Z] Time:          Wed Sep 29 2021 15:46:28 GMT+0530 (India Standard Time)
[debug] [2021-09-29T10:16:28.946Z] ----------------------------------------------------------------------
[debug] 
[debug] [2021-09-29T10:16:28.987Z] > command requires scopes: ["email","openid","https://www.googleapis.com/auth/cloudplatformprojects.readonly","https://www.googleapis.com/auth/firebase","https://www.googleapis.com/auth/cloud-platform"]
[debug] [2021-09-29T10:16:28.988Z] > authorizing via signed-in user (dp10675@gmail.com)
[info] i  emulators: Starting emulators: functions, hosting {"metadata":{"emulator":{"name":"hub"},"message":"Starting emulators: functions, hosting"}}
[debug] [2021-09-29T10:16:29.008Z] [hub] writing locator at /var/folders/z_/v3w7c5qj28lg6s6v7bj5vq880000gn/T/hub-challenge-570c3.json
[warn] ⚠  functions: The following emulators are not running, calls to these services from the Functions emulator will affect production: auth, firestore, database, pubsub, storage {"metadata":{"emulator":{"name":"functions"},"message":"The following emulators are not running, calls to these services from the Functions emulator will affect production: \u001b[1mauth, firestore, database, pubsub, storage\u001b[22m"}}
[info] ✔  functions: Using node@14 from host. {"metadata":{"emulator":{"name":"functions"},"message":"Using node@14 from host."}}
[debug] [2021-09-29T10:16:29.213Z] defaultcredentials: writing to file /Users/deepakpatel/.config/firebase/dp10675_gmail_com_application_default_credentials.json
[debug] [2021-09-29T10:16:29.216Z] Setting GAC to /Users/deepakpatel/.config/firebase/dp10675_gmail_com_application_default_credentials.json {"metadata":{"emulator":{"name":"functions"},"message":"Setting GAC to /Users/deepakpatel/.config/firebase/dp10675_gmail_com_application_default_credentials.json"}}
[debug] [2021-09-29T10:16:29.219Z] > refreshing access token with scopes: []
[debug] [2021-09-29T10:16:29.219Z] >>> HTTP REQUEST POST https://www.googleapis.com/oauth2/v3/token  
 <request body omitted>
[debug] [2021-09-29T10:16:29.890Z] <<< HTTP RESPONSE 200 {"cache-control":"no-cache, no-store, max-age=0, must-revalidate","expires":"Mon, 01 Jan 1990 00:00:00 GMT","date":"Wed, 29 Sep 2021 10:16:33 GMT","pragma":"no-cache","content-type":"application/json; charset=utf-8","vary":"X-Origin, Referer, Origin,Accept-Encoding","server":"scaffolding on HTTPServer2","x-xss-protection":"0","x-frame-options":"SAMEORIGIN","x-content-type-options":"nosniff","alt-svc":"h3=\":443\"; ma=2592000,h3-29=\":443\"; ma=2592000,h3-T051=\":443\"; ma=2592000,h3-Q050=\":443\"; ma=2592000,h3-Q046=\":443\"; ma=2592000,h3-Q043=\":443\"; ma=2592000,quic=\":443\"; ma=2592000; v=\"46,43\"","accept-ranges":"none","transfer-encoding":"chunked"}
[debug] [2021-09-29T10:16:29.950Z] >>> [apiv2][query] GET https://firebase.googleapis.com/v1beta1/projects/challenge-570c3/adminSdkConfig [none]
[debug] [2021-09-29T10:16:30.933Z] <<< [apiv2][status] GET https://firebase.googleapis.com/v1beta1/projects/challenge-570c3/adminSdkConfig 200
[debug] [2021-09-29T10:16:30.934Z] <<< [apiv2][body] GET https://firebase.googleapis.com/v1beta1/projects/challenge-570c3/adminSdkConfig {"projectId":"challenge-570c3","storageBucket":"challenge-570c3.appspot.com","locationId":"us-central"}
[debug] [2021-09-29T10:16:30.977Z] >>> [apiv2][query] GET https://firebasehosting.googleapis.com/v1beta1/projects/challenge-570c3/sites 
[debug] [2021-09-29T10:16:33.182Z] <<< [apiv2][status] GET https://firebasehosting.googleapis.com/v1beta1/projects/challenge-570c3/sites 200
[debug] [2021-09-29T10:16:33.182Z] <<< [apiv2][body] GET https://firebasehosting.googleapis.com/v1beta1/projects/challenge-570c3/sites {"sites":[{"name":"projects/908697296576/sites/challenge-570c3","defaultUrl":"https://challenge-570c3.web.app","appId":"1:908697296576:web:2c58589b986f4446989725","type":"DEFAULT_SITE"}]}
[debug] [2021-09-29T10:16:33.183Z] >>> [apiv2][query] GET https://firebase.googleapis.com/v1beta1/projects/challenge-570c3/webApps/1:908697296576:web:2c58589b986f4446989725/config [none]
[debug] [2021-09-29T10:16:34.772Z] <<< [apiv2][status] GET https://firebase.googleapis.com/v1beta1/projects/challenge-570c3/webApps/1:908697296576:web:2c58589b986f4446989725/config 200
[debug] [2021-09-29T10:16:34.773Z] <<< [apiv2][body] GET https://firebase.googleapis.com/v1beta1/projects/challenge-570c3/webApps/1:908697296576:web:2c58589b986f4446989725/config {"projectId":"challenge-570c3","appId":"1:908697296576:web:2c58589b986f4446989725","storageBucket":"challenge-570c3.appspot.com","locationId":"us-central","apiKey":"AIzaSyCDNIR_0GzUyyVi1ZN2CihM2KrUMaAbdIQ","authDomain":"challenge-570c3.firebaseapp.com","messagingSenderId":"908697296576","measurementId":"G-PJ7C6L3HPV"}
[info] i  hosting: Serving hosting files from: build {"metadata":{"emulator":{"name":"hosting"},"message":"Serving hosting files from: \u001b[1mbuild\u001b[22m"}}
[info] ✔  hosting: Local server: http://localhost:5000 {"metadata":{"emulator":{"name":"hosting"},"message":"Local server: \u001b[4m\u001b[1mhttp://localhost:5000\u001b[22m\u001b[24m"}}
[debug] [2021-09-29T10:16:35.092Z] Ignoring unsupported arg: auto_download {"metadata":{"emulator":{"name":"ui"},"message":"Ignoring unsupported arg: auto_download"}}
[debug] [2021-09-29T10:16:35.092Z] Ignoring unsupported arg: port {"metadata":{"emulator":{"name":"ui"},"message":"Ignoring unsupported arg: port"}}
[debug] [2021-09-29T10:16:35.092Z] Starting Emulator UI with command {"binary":"node","args":["/Users/deepakpatel/.cache/firebase/emulators/ui-v1.6.3/server.bundle.js"],"optionalArgs":[],"joinArgs":false} {"metadata":{"emulator":{"name":"ui"},"message":"Starting Emulator UI with command {\"binary\":\"node\",\"args\":[\"/Users/deepakpatel/.cache/firebase/emulators/ui-v1.6.3/server.bundle.js\"],\"optionalArgs\":[],\"joinArgs\":false}"}}
[info] i  ui: Emulator UI logging to ui-debug.log {"metadata":{"emulator":{"name":"ui"},"message":"Emulator UI logging to \u001b[1mui-debug.log\u001b[22m"}}
[debug] [2021-09-29T10:16:35.188Z] Web / API server started at localhost:4000
 {"metadata":{"emulator":{"name":"ui"},"message":"Web / API server started at localhost:4000\n"}}
[info] i  functions: Watching "/Users/deepakpatel/amazon-clone/functions" for Cloud Functions... {"metadata":{"emulator":{"name":"functions"},"message":"Watching \"/Users/deepakpatel/amazon-clone/functions\" for Cloud Functions..."}}
[debug] [2021-09-29T10:16:35.386Z] [worker-pool] addWorker(~diagnostic~) {"metadata":{"emulator":{"name":"functions"},"message":"[worker-pool] addWorker(~diagnostic~)"}}
[debug] [2021-09-29T10:16:35.387Z] [worker-pool] Adding worker with key ~diagnostic~, total=1 {"metadata":{"emulator":{"name":"functions"},"message":"[worker-pool] Adding worker with key ~diagnostic~, total=1"}}
[debug] [2021-09-29T10:16:35.387Z] [worker-pool] submitWork(triggerId=) {"metadata":{"emulator":{"name":"functions"},"message":"[worker-pool] submitWork(triggerId=)"}}
[debug] [2021-09-29T10:16:35.388Z] [worker-~diagnostic~-ffa72517-09e0-4af2-a1d1-f2c157f022e0]: Assigning socketPath: /var/folders/z_/v3w7c5qj28lg6s6v7bj5vq880000gn/T/fire_emu_46835.sock {"metadata":{"emulator":{"name":"functions"},"message":"[worker-~diagnostic~-ffa72517-09e0-4af2-a1d1-f2c157f022e0]: Assigning socketPath: /var/folders/z_/v3w7c5qj28lg6s6v7bj5vq880000gn/T/fire_emu_46835.sock"}}
[debug] [2021-09-29T10:16:35.388Z] [worker-~diagnostic~-ffa72517-09e0-4af2-a1d1-f2c157f022e0]: BUSY {"metadata":{"emulator":{"name":"functions"},"message":"[worker-~diagnostic~-ffa72517-09e0-4af2-a1d1-f2c157f022e0]: BUSY"}}
[debug] [2021-09-29T10:16:35.609Z] [runtime-status] [46835] Functions runtime initialized. {"cwd":"/Users/deepakpatel/amazon-clone/functions","node_version":"14.17.1"} {"metadata":{"emulator":{"name":"functions"},"message":"[runtime-status] [46835] Functions runtime initialized. {\"cwd\":\"/Users/deepakpatel/amazon-clone/functions\",\"node_version\":\"14.17.1\"}"}}
[debug] [2021-09-29T10:16:35.611Z] [runtime-status] [46835] Disabled runtime features: undefined {"metadata":{"emulator":{"name":"functions"},"message":"[runtime-status] [46835] Disabled runtime features: undefined"}}
[debug] [2021-09-29T10:16:35.613Z] [runtime-status] [46835] Resolved module firebase-admin {"declared":true,"installed":true,"version":"9.11.1","resolution":"/Users/deepakpatel/amazon-clone/functions/node_modules/firebase-admin/lib/index.js"} {"metadata":{"emulator":{"name":"functions"},"message":"[runtime-status] [46835] Resolved module firebase-admin {\"declared\":true,\"installed\":true,\"version\":\"9.11.1\",\"resolution\":\"/Users/deepakpatel/amazon-clone/functions/node_modules/firebase-admin/lib/index.js\"}"}}
[debug] [2021-09-29T10:16:35.615Z] [runtime-status] [46835] Resolved module firebase-functions {"declared":true,"installed":true,"version":"3.15.7","resolution":"/Users/deepakpatel/amazon-clone/functions/node_modules/firebase-functions/lib/index.js"} {"metadata":{"emulator":{"name":"functions"},"message":"[runtime-status] [46835] Resolved module firebase-functions {\"declared\":true,\"installed\":true,\"version\":\"3.15.7\",\"resolution\":\"/Users/deepakpatel/amazon-clone/functions/node_modules/firebase-functions/lib/index.js\"}"}}
[debug] [2021-09-29T10:16:35.617Z] [runtime-status] [46835] Resolved module firebase-functions {"declared":true,"installed":true,"version":"3.15.7","resolution":"/Users/deepakpatel/amazon-clone/functions/node_modules/firebase-functions/lib/index.js"} {"metadata":{"emulator":{"name":"functions"},"message":"[runtime-status] [46835] Resolved module firebase-functions {\"declared\":true,\"installed\":true,\"version\":\"3.15.7\",\"resolution\":\"/Users/deepakpatel/amazon-clone/functions/node_modules/firebase-functions/lib/index.js\"}"}}
[debug] [2021-09-29T10:16:35.619Z] [runtime-status] [46835] Outgoing network have been stubbed. [{"name":"http","status":"mocked"},{"name":"http","status":"mocked"},{"name":"https","status":"mocked"},{"name":"https","status":"mocked"},{"name":"net","status":"mocked"}] {"metadata":{"emulator":{"name":"functions"},"message":"[runtime-status] [46835] Outgoing network have been stubbed. [{\"name\":\"http\",\"status\":\"mocked\"},{\"name\":\"http\",\"status\":\"mocked\"},{\"name\":\"https\",\"status\":\"mocked\"},{\"name\":\"https\",\"status\":\"mocked\"},{\"name\":\"net\",\"status\":\"mocked\"}]"}}
[debug] [2021-09-29T10:16:35.620Z] [runtime-status] [46835] Resolved module firebase-functions {"declared":true,"installed":true,"version":"3.15.7","resolution":"/Users/deepakpatel/amazon-clone/functions/node_modules/firebase-functions/lib/index.js"} {"metadata":{"emulator":{"name":"functions"},"message":"[runtime-status] [46835] Resolved module firebase-functions {\"declared\":true,\"installed\":true,\"version\":\"3.15.7\",\"resolution\":\"/Users/deepakpatel/amazon-clone/functions/node_modules/firebase-functions/lib/index.js\"}"}}
[debug] [2021-09-29T10:16:35.651Z] [runtime-status] [46835] Checked functions.config() {"config":{}} {"metadata":{"emulator":{"name":"functions"},"message":"[runtime-status] [46835] Checked functions.config() {\"config\":{}}"}}
[debug] [2021-09-29T10:16:35.651Z] [runtime-status] [46835] firebase-functions has been stubbed. {"functionsResolution":{"declared":true,"installed":true,"version":"3.15.7","resolution":"/Users/deepakpatel/amazon-clone/functions/node_modules/firebase-functions/lib/index.js"}} {"metadata":{"emulator":{"name":"functions"},"message":"[runtime-status] [46835] firebase-functions has been stubbed. {\"functionsResolution\":{\"declared\":true,\"installed\":true,\"version\":\"3.15.7\",\"resolution\":\"/Users/deepakpatel/amazon-clone/functions/node_modules/firebase-functions/lib/index.js\"}}"}}
[debug] [2021-09-29T10:16:35.651Z] [runtime-status] [46835] Resolved module firebase-functions {"declared":true,"installed":true,"version":"3.15.7","resolution":"/Users/deepakpatel/amazon-clone/functions/node_modules/firebase-functions/lib/index.js"} {"metadata":{"emulator":{"name":"functions"},"message":"[runtime-status] [46835] Resolved module firebase-functions {\"declared\":true,\"installed\":true,\"version\":\"3.15.7\",\"resolution\":\"/Users/deepakpatel/amazon-clone/functions/node_modules/firebase-functions/lib/index.js\"}"}}
[debug] [2021-09-29T10:16:35.652Z] [runtime-status] [46835] Resolved module firebase-admin {"declared":true,"installed":true,"version":"9.11.1","resolution":"/Users/deepakpatel/amazon-clone/functions/node_modules/firebase-admin/lib/index.js"} {"metadata":{"emulator":{"name":"functions"},"message":"[runtime-status] [46835] Resolved module firebase-admin {\"declared\":true,\"installed\":true,\"version\":\"9.11.1\",\"resolution\":\"/Users/deepakpatel/amazon-clone/functions/node_modules/firebase-admin/lib/index.js\"}"}}
[debug] [2021-09-29T10:16:35.653Z] [runtime-status] [46835] Resolved module firebase-functions {"declared":true,"installed":true,"version":"3.15.7","resolution":"/Users/deepakpatel/amazon-clone/functions/node_modules/firebase-functions/lib/index.js"} {"metadata":{"emulator":{"name":"functions"},"message":"[runtime-status] [46835] Resolved module firebase-functions {\"declared\":true,\"installed\":true,\"version\":\"3.15.7\",\"resolution\":\"/Users/deepakpatel/amazon-clone/functions/node_modules/firebase-functions/lib/index.js\"}"}}
[debug] [2021-09-29T10:16:35.653Z] [runtime-status] [46835] firebase-admin has been stubbed. {"adminResolution":{"declared":true,"installed":true,"version":"9.11.1","resolution":"/Users/deepakpatel/amazon-clone/functions/node_modules/firebase-admin/lib/index.js"}} {"metadata":{"emulator":{"name":"functions"},"message":"[runtime-status] [46835] firebase-admin has been stubbed. {\"adminResolution\":{\"declared\":true,\"installed\":true,\"version\":\"9.11.1\",\"resolution\":\"/Users/deepakpatel/amazon-clone/functions/node_modules/firebase-admin/lib/index.js\"}}"}}
[info] ✔  functions[us-central1-api]: http function initialized (http://localhost:5001/challenge-570c3/us-central1/api). {"metadata":{"emulator":{"name":"functions"},"message":"\u001b[1mhttp\u001b[22m function initialized (http://localhost:5001/challenge-570c3/us-central1/api)."}}
[info] 
┌─────────────────────────────────────────────────────────────┐
│ ✔  All emulators ready! It is now safe to connect your app. │
│ i  View Emulator UI at http://localhost:4000                │
└─────────────────────────────────────────────────────────────┘

┌───────────┬────────────────┬─────────────────────────────────┐
│ Emulator  │ Host:Port      │ View in Emulator UI             │
├───────────┼────────────────┼─────────────────────────────────┤
│ Functions │ localhost:5001 │ http://localhost:4000/functions │
├───────────┼────────────────┼─────────────────────────────────┤
│ Hosting   │ localhost:5000 │ n/a                             │
└───────────┴────────────────┴─────────────────────────────────┘
  Emulator Hub running at localhost:4400
  Other reserved ports: 4500

Issues? Report them at https://github.com/firebase/firebase-tools/issues and attach the *-debug.log files.
 
[debug] [2021-09-29T10:16:35.734Z] [worker-~diagnostic~-ffa72517-09e0-4af2-a1d1-f2c157f022e0]: IDLE {"metadata":{"emulator":{"name":"functions"},"message":"[worker-~diagnostic~-ffa72517-09e0-4af2-a1d1-f2c157f022e0]: IDLE"}}
[debug] [2021-09-29T10:17:11.185Z] [work-queue] {"queueLength":1,"workRunningCount":0}
[debug] [2021-09-29T10:17:11.185Z] [work-queue] {"queueLength":0,"workRunningCount":1}
[debug] [2021-09-29T10:17:11.186Z] Accepted request POST /challenge-570c3/us-central1/api/payments/create?total=129900 --> us-central1-api
[debug] [2021-09-29T10:17:11.193Z] [worker-pool] addWorker(us-central1-api) {"metadata":{"emulator":{"name":"functions"},"message":"[worker-pool] addWorker(us-central1-api)"}}
[debug] [2021-09-29T10:17:11.194Z] [worker-pool] Adding worker with key us-central1-api, total=1 {"metadata":{"emulator":{"name":"functions"},"message":"[worker-pool] Adding worker with key us-central1-api, total=1"}}
[debug] [2021-09-29T10:17:11.195Z] [worker-pool] submitWork(triggerId=us-central1-api) {"metadata":{"emulator":{"name":"functions"},"message":"[worker-pool] submitWork(triggerId=us-central1-api)"}}
[debug] [2021-09-29T10:17:11.195Z] [worker-us-central1-api-c4bc55ab-263c-490f-bc17-346ef4da8170]: Assigning socketPath: /var/folders/z_/v3w7c5qj28lg6s6v7bj5vq880000gn/T/fire_emu_46854.sock {"metadata":{"emulator":{"name":"functions"},"message":"[worker-us-central1-api-c4bc55ab-263c-490f-bc17-346ef4da8170]: Assigning socketPath: /var/folders/z_/v3w7c5qj28lg6s6v7bj5vq880000gn/T/fire_emu_46854.sock"}}
[debug] [2021-09-29T10:17:11.195Z] [worker-us-central1-api-c4bc55ab-263c-490f-bc17-346ef4da8170]: BUSY {"metadata":{"emulator":{"name":"functions"},"message":"[worker-us-central1-api-c4bc55ab-263c-490f-bc17-346ef4da8170]: BUSY"}}
[debug] [2021-09-29T10:17:11.410Z] [runtime-status] [46854] Functions runtime initialized. {"cwd":"/Users/deepakpatel/amazon-clone/functions","node_version":"14.17.1"} {"metadata":{"emulator":{"name":"functions"},"function":{"name":"us-central1-api"},"message":"[runtime-status] [46854] Functions runtime initialized. {\"cwd\":\"/Users/deepakpatel/amazon-clone/functions\",\"node_version\":\"14.17.1\"}"}}
[debug] [2021-09-29T10:17:11.412Z] [runtime-status] [46854] Disabled runtime features: undefined {"metadata":{"emulator":{"name":"functions"},"function":{"name":"us-central1-api"},"message":"[runtime-status] [46854] Disabled runtime features: undefined"}}
[debug] [2021-09-29T10:17:11.414Z] [runtime-status] [46854] Resolved module firebase-admin {"declared":true,"installed":true,"version":"9.11.1","resolution":"/Users/deepakpatel/amazon-clone/functions/node_modules/firebase-admin/lib/index.js"} {"metadata":{"emulator":{"name":"functions"},"function":{"name":"us-central1-api"},"message":"[runtime-status] [46854] Resolved module firebase-admin {\"declared\":true,\"installed\":true,\"version\":\"9.11.1\",\"resolution\":\"/Users/deepakpatel/amazon-clone/functions/node_modules/firebase-admin/lib/index.js\"}"}}
[debug] [2021-09-29T10:17:11.417Z] [runtime-status] [46854] Resolved module firebase-functions {"declared":true,"installed":true,"version":"3.15.7","resolution":"/Users/deepakpatel/amazon-clone/functions/node_modules/firebase-functions/lib/index.js"} {"metadata":{"emulator":{"name":"functions"},"function":{"name":"us-central1-api"},"message":"[runtime-status] [46854] Resolved module firebase-functions {\"declared\":true,\"installed\":true,\"version\":\"3.15.7\",\"resolution\":\"/Users/deepakpatel/amazon-clone/functions/node_modules/firebase-functions/lib/index.js\"}"}}
[debug] [2021-09-29T10:17:11.419Z] [runtime-status] [46854] Resolved module firebase-functions {"declared":true,"installed":true,"version":"3.15.7","resolution":"/Users/deepakpatel/amazon-clone/functions/node_modules/firebase-functions/lib/index.js"} {"metadata":{"emulator":{"name":"functions"},"function":{"name":"us-central1-api"},"message":"[runtime-status] [46854] Resolved module firebase-functions {\"declared\":true,\"installed\":true,\"version\":\"3.15.7\",\"resolution\":\"/Users/deepakpatel/amazon-clone/functions/node_modules/firebase-functions/lib/index.js\"}"}}
[debug] [2021-09-29T10:17:11.421Z] [runtime-status] [46854] Outgoing network have been stubbed. [{"name":"http","status":"mocked"},{"name":"http","status":"mocked"},{"name":"https","status":"mocked"},{"name":"https","status":"mocked"},{"name":"net","status":"mocked"}] {"metadata":{"emulator":{"name":"functions"},"function":{"name":"us-central1-api"},"message":"[runtime-status] [46854] Outgoing network have been stubbed. [{\"name\":\"http\",\"status\":\"mocked\"},{\"name\":\"http\",\"status\":\"mocked\"},{\"name\":\"https\",\"status\":\"mocked\"},{\"name\":\"https\",\"status\":\"mocked\"},{\"name\":\"net\",\"status\":\"mocked\"}]"}}
[debug] [2021-09-29T10:17:11.421Z] [runtime-status] [46854] Resolved module firebase-functions {"declared":true,"installed":true,"version":"3.15.7","resolution":"/Users/deepakpatel/amazon-clone/functions/node_modules/firebase-functions/lib/index.js"} {"metadata":{"emulator":{"name":"functions"},"function":{"name":"us-central1-api"},"message":"[runtime-status] [46854] Resolved module firebase-functions {\"declared\":true,\"installed\":true,\"version\":\"3.15.7\",\"resolution\":\"/Users/deepakpatel/amazon-clone/functions/node_modules/firebase-functions/lib/index.js\"}"}}
[debug] [2021-09-29T10:17:11.450Z] [runtime-status] [46854] Checked functions.config() {"config":{}} {"metadata":{"emulator":{"name":"functions"},"function":{"name":"us-central1-api"},"message":"[runtime-status] [46854] Checked functions.config() {\"config\":{}}"}}
[debug] [2021-09-29T10:17:11.451Z] [runtime-status] [46854] firebase-functions has been stubbed. {"functionsResolution":{"declared":true,"installed":true,"version":"3.15.7","resolution":"/Users/deepakpatel/amazon-clone/functions/node_modules/firebase-functions/lib/index.js"}} {"metadata":{"emulator":{"name":"functions"},"function":{"name":"us-central1-api"},"message":"[runtime-status] [46854] firebase-functions has been stubbed. {\"functionsResolution\":{\"declared\":true,\"installed\":true,\"version\":\"3.15.7\",\"resolution\":\"/Users/deepakpatel/amazon-clone/functions/node_modules/firebase-functions/lib/index.js\"}}"}}
[debug] [2021-09-29T10:17:11.451Z] [runtime-status] [46854] Resolved module firebase-functions {"declared":true,"installed":true,"version":"3.15.7","resolution":"/Users/deepakpatel/amazon-clone/functions/node_modules/firebase-functions/lib/index.js"} {"metadata":{"emulator":{"name":"functions"},"function":{"name":"us-central1-api"},"message":"[runtime-status] [46854] Resolved module firebase-functions {\"declared\":true,\"installed\":true,\"version\":\"3.15.7\",\"resolution\":\"/Users/deepakpatel/amazon-clone/functions/node_modules/firebase-functions/lib/index.js\"}"}}
[debug] [2021-09-29T10:17:11.453Z] [runtime-status] [46854] Resolved module firebase-admin {"declared":true,"installed":true,"version":"9.11.1","resolution":"/Users/deepakpatel/amazon-clone/functions/node_modules/firebase-admin/lib/index.js"} {"metadata":{"emulator":{"name":"functions"},"function":{"name":"us-central1-api"},"message":"[runtime-status] [46854] Resolved module firebase-admin {\"declared\":true,\"installed\":true,\"version\":\"9.11.1\",\"resolution\":\"/Users/deepakpatel/amazon-clone/functions/node_modules/firebase-admin/lib/index.js\"}"}}
[debug] [2021-09-29T10:17:11.454Z] [runtime-status] [46854] Resolved module firebase-functions {"declared":true,"installed":true,"version":"3.15.7","resolution":"/Users/deepakpatel/amazon-clone/functions/node_modules/firebase-functions/lib/index.js"} {"metadata":{"emulator":{"name":"functions"},"function":{"name":"us-central1-api"},"message":"[runtime-status] [46854] Resolved module firebase-functions {\"declared\":true,\"installed\":true,\"version\":\"3.15.7\",\"resolution\":\"/Users/deepakpatel/amazon-clone/functions/node_modules/firebase-functions/lib/index.js\"}"}}
[debug] [2021-09-29T10:17:11.454Z] [runtime-status] [46854] firebase-admin has been stubbed. {"adminResolution":{"declared":true,"installed":true,"version":"9.11.1","resolution":"/Users/deepakpatel/amazon-clone/functions/node_modules/firebase-admin/lib/index.js"}} {"metadata":{"emulator":{"name":"functions"},"function":{"name":"us-central1-api"},"message":"[runtime-status] [46854] firebase-admin has been stubbed. {\"adminResolution\":{\"declared\":true,\"installed\":true,\"version\":\"9.11.1\",\"resolution\":\"/Users/deepakpatel/amazon-clone/functions/node_modules/firebase-admin/lib/index.js\"}}"}}
[debug] [2021-09-29T10:17:11.538Z] [runtime-status] [46854] Trigger "us-central1-api" has been found, beginning invocation! {"metadata":{"emulator":{"name":"functions"},"function":{"name":"us-central1-api"},"message":"[runtime-status] [46854] Trigger \"us-central1-api\" has been found, beginning invocation!"}}
[info] i  functions: Beginning execution of "us-central1-api" {"metadata":{"emulator":{"name":"functions"},"function":{"name":"us-central1-api"},"message":"Beginning execution of \"us-central1-api\""}}
[debug] [2021-09-29T10:17:11.540Z] [runtime-status] [46854] triggerDefinition {"httpsTrigger":{},"name":"api","entryPoint":"api","regions":["us-central1"],"region":"us-central1","id":"us-central1-api"} {"metadata":{"emulator":{"name":"functions"},"function":{"name":"us-central1-api"},"message":"[runtime-status] [46854] triggerDefinition {\"httpsTrigger\":{},\"name\":\"api\",\"entryPoint\":\"api\",\"regions\":[\"us-central1\"],\"region\":\"us-central1\",\"id\":\"us-central1-api\"}"}}
[debug] [2021-09-29T10:17:11.540Z] [runtime-status] [46854] Running us-central1-api in mode HTTPS {"metadata":{"emulator":{"name":"functions"},"function":{"name":"us-central1-api"},"message":"[runtime-status] [46854] Running us-central1-api in mode HTTPS"}}
[debug] [2021-09-29T10:17:11.543Z] [runtime-status] [46854] Attempting to listen to socketPath: /var/folders/z_/v3w7c5qj28lg6s6v7bj5vq880000gn/T/fire_emu_46854.sock {"metadata":{"emulator":{"name":"functions"},"function":{"name":"us-central1-api"},"message":"[runtime-status] [46854] Attempting to listen to socketPath: /var/folders/z_/v3w7c5qj28lg6s6v7bj5vq880000gn/T/fire_emu_46854.sock"}}
[debug] [2021-09-29T10:17:11.546Z] [functions] Runtime ready! Sending request! {"metadata":{"emulator":{"name":"functions"},"message":"[functions] Runtime ready! Sending request!"}}
[debug] [2021-09-29T10:17:11.546Z] [functions] Got req.url=/challenge-570c3/us-central1/api/payments/create?total=129900, mapping to path=/payments/create?total=129900 {"metadata":{"emulator":{"name":"functions"},"message":"[functions] Got req.url=/challenge-570c3/us-central1/api/payments/create?total=129900, mapping to path=/payments/create?total=129900"}}
[debug] [2021-09-29T10:17:11.553Z] [runtime-status] [46854] Ephemeral server handling POST request {"metadata":{"emulator":{"name":"functions"},"function":{"name":"us-central1-api"},"message":"[runtime-status] [46854] Ephemeral server handling POST request"}}
[info] >  Payment recevied 129900 {"user":"Payment recevied 129900","metadata":{"emulator":{"name":"functions"},"function":{"name":"us-central1-api"},"message":"\u001b[90m> \u001b[39m Payment recevied 129900"}}
[debug] [2021-09-29T10:17:11.566Z] [runtime-status] [46854] Ephemeral server survived. {"metadata":{"emulator":{"name":"functions"},"function":{"name":"us-central1-api"},"message":"[runtime-status] [46854] Ephemeral server survived."}}
[info] i  functions: Finished "us-central1-api" in ~1s {"metadata":{"emulator":{"name":"functions"},"function":{"name":"us-central1-api"},"message":"Finished \"us-central1-api\" in ~1s"}}
[debug] [2021-09-29T10:17:12.594Z] [worker-us-central1-api-c4bc55ab-263c-490f-bc17-346ef4da8170]: IDLE {"metadata":{"emulator":{"name":"functions"},"message":"[worker-us-central1-api-c4bc55ab-263c-490f-bc17-346ef4da8170]: IDLE"}}
[debug] [2021-09-29T10:17:12.594Z] [work-queue] {"queueLength":0,"workRunningCount":0}
